0 info it worked if it ends with ok
1 verbose cli [ 'c:\\Program Files\\nodejs\\node.exe',
1 verbose cli   'c:\\Program Files\\nodejs\\node_modules\\npm\\bin\\npm-cli.js',
1 verbose cli   'start' ]
2 info using npm@3.3.12
3 info using node@v5.3.0
4 verbose run-script [ 'prestart', 'start', 'poststart' ]
5 info lifecycle rgrjs@1.0.0~prestart: rgrjs@1.0.0
6 silly lifecycle rgrjs@1.0.0~prestart: no script for prestart, continuing
7 info lifecycle rgrjs@1.0.0~start: rgrjs@1.0.0
8 verbose lifecycle rgrjs@1.0.0~start: unsafe-perm in lifecycle true
9 verbose lifecycle rgrjs@1.0.0~start: PATH: C:\Users\graveto\AppData\Roaming\nvm\v5.3.0\node_modules\npm\bin\node-gyp-bin;c:\Users\graveto\Documents\GitHub\Pluralsight\rgrjs\node_modules\.bin;c:\Users\graveto\bin;.;C:\Program Files (x86)\Git\local\bin;C:\Program Files (x86)\Git\mingw\bin;C:\Program Files (x86)\Git\bin;C:\Program Files (x86)\Git\bin;C:\Program Files (x86)\Git\bin;C:\Program Files (x86)\Git\bin;c:\WINDOWS\system32;c:\WINDOWS;c:\WINDOWS\System32\Wbem;c:\WINDOWS\System32\WindowsPowerShell\v1.0\;c:\Users\graveto\AppData\Roaming\nvm;c:\Users\graveto\.dnx\bin;c:\Program Files\Microsoft DNX\Dnvm\;c:\Program Files\Microsoft SQL Server\120\Tools\Binn\;c:\Program Files (x86)\nodejs\;c:\Program Files\Java\jdk1.8.0_51\bin;c:\Users\graveto\AppData\Local\Android\sdk\platform-tools;c:\Program Files (x86)\Skype\Phone\;c:\Program Files (x86)\GtkSharp\2.12\bin;c:\Program Files (x86)\Windows Kits\10\Windows Performance Toolkit\;c:\Users\graveto\AppData\Roaming\nvm;c:\Program Files\nodejs;c:\Users\graveto\AppData\Roaming\npm;c:\Program Files (x86)\Microsoft VS Code\bin;c:\Users\graveto\AppData\Roaming\nvm;c:\Program Files\nodejs
10 verbose lifecycle rgrjs@1.0.0~start: CWD: c:\Users\graveto\Documents\GitHub\Pluralsight\rgrjs
11 silly lifecycle rgrjs@1.0.0~start: Args: [ '/d /s /c', 'babel-node --presets react, es2015 server.js' ]
12 silly lifecycle rgrjs@1.0.0~start: Returned: code: 1  signal: null
13 info lifecycle rgrjs@1.0.0~start: Failed to exec start script
14 verbose stack Error: rgrjs@1.0.0 start: `babel-node --presets react, es2015 server.js`
14 verbose stack Exit status 1
14 verbose stack     at EventEmitter.<anonymous> (C:\Users\graveto\AppData\Roaming\nvm\v5.3.0\node_modules\npm\lib\utils\lifecycle.js:232:16)
14 verbose stack     at emitTwo (events.js:87:13)
14 verbose stack     at EventEmitter.emit (events.js:172:7)
14 verbose stack     at ChildProcess.<anonymous> (C:\Users\graveto\AppData\Roaming\nvm\v5.3.0\node_modules\npm\lib\utils\spawn.js:24:14)
14 verbose stack     at emitTwo (events.js:87:13)
14 verbose stack     at ChildProcess.emit (events.js:172:7)
14 verbose stack     at maybeClose (internal/child_process.js:818:16)
14 verbose stack     at Process.ChildProcess._handle.onexit (internal/child_process.js:211:5)
15 verbose pkgid rgrjs@1.0.0
16 verbose cwd c:\Users\graveto\Documents\GitHub\Pluralsight\rgrjs
17 error Windows_NT 10.0.10586
18 error argv "c:\\Program Files\\nodejs\\node.exe" "c:\\Program Files\\nodejs\\node_modules\\npm\\bin\\npm-cli.js" "start"
19 error node v5.3.0
20 error npm  v3.3.12
21 error code ELIFECYCLE
22 error rgrjs@1.0.0 start: `babel-node --presets react, es2015 server.js`
22 error Exit status 1
23 error Failed at the rgrjs@1.0.0 start script 'babel-node --presets react, es2015 server.js'.
23 error Make sure you have the latest version of node.js and npm installed.
23 error If you do, this is most likely a problem with the rgrjs package,
23 error not with npm itself.
23 error Tell the author that this fails on your system:
23 error     babel-node --presets react, es2015 server.js
23 error You can get their info via:
23 error     npm owner ls rgrjs
23 error There is likely additional logging output above.
24 verbose exit [ 1, true ]
